Arguments: 
  /usr/local/bin/node /opt/yarn-v1.22.19/bin/yarn.js global add @vue/cli

PATH: 
  /usr/local/sbin:/usr/local/bin:/usr/sbin:/usr/bin:/sbin:/bin

Yarn version: 
  1.22.19

Node version: 
  16.15.1

Platform: 
  linux x64

Trace: 
  Error: EACCES: permission denied, mkdir '/.config'

npm manifest: 
  {
    "name": "frontend",
    "version": "0.1.0",
    "private": true,
    "scripts": {
      "serve": "vue-cli-service serve",
      "build": "vue-cli-service build",
      "lint": "vue-cli-service lint"
    },
    "dependencies": {
      "axios": "^0.27.2",
      "buefy": "^0.7.1",
      "vue": "^2.5.17",
      "vue-class-component": "^6.0.0",
      "vue-cookies": "^1.5.12",
      "vue-property-decorator": "^7.0.0",
      "vue-router": "^3.0.1"
    },
    "devDependencies": {
      "@vue/cli-plugin-babel": "^3.1.1",
      "@vue/cli-plugin-typescript": "^3.1.1",
      "@vue/cli-service": "^3.12.1",
      "raw-loader": "^4.0.2",
      "typescript": "^3.0.0",
      "vue-template-compiler": "^2.5.17"
    }
  }

yarn manifest: 
  No manifest

Lockfile: 
  No lockfile
